1733506735.757477 client started (535572): version next-3.6, socket /tmp/tmux-1000/default, protocol 8
1733506735.757488 on Linux 5.15.167.4-microsoft-standard-WSL2 #1 SMP Tue Nov 5 00:21:55 UTC 2024
1733506735.757491 using libevent 2.1.12-stable poll
1733506735.757492 using ncurses 6.3 20211021
1733506735.757498 flags are 0x18010000
1733506735.757499 socket is /tmp/tmux-1000/default
1733506735.757502 trying connect
1733506735.757507 connect failed: Connection refused
1733506735.757510 lock file is /tmp/tmux-1000/default.lock
1733506735.757814 flock succeeded
1733506735.757819 got lock (6)
1733506735.757823 trying connect
1733506735.757830 connect failed: Connection refused
1733506735.758757 add peer 0x56172549f770: 7 ((nil))
1733506735.758947 sending message 111 to peer 0x56172549f770 (8 bytes)
1733506735.758952 sending message 111 to peer 0x56172549f770 (8 bytes)
1733506735.758954 sending message 101 to peer 0x56172549f770 (15 bytes)
1733506735.758955 sending message 109 to peer 0x56172549f770 (4 bytes)
1733506735.758956 sending message 102 to peer 0x56172549f770 (11 bytes)
1733506735.758957 sending message 108 to peer 0x56172549f770 (16 bytes)
1733506735.758959 sending message 112 to peer 0x56172549f770 (58 bytes)
1733506735.758960 sending message 112 to peer 0x56172549f770 (5 bytes)
1733506735.758961 sending message 112 to peer 0x56172549f770 (5 bytes)
1733506735.758963 sending message 112 to peer 0x56172549f770 (6 bytes)
1733506735.758964 sending message 112 to peer 0x56172549f770 (6 bytes)
1733506735.758965 sending message 112 to peer 0x56172549f770 (11 bytes)
1733506735.758966 sending message 112 to peer 0x56172549f770 (10 bytes)
1733506735.758968 sending message 112 to peer 0x56172549f770 (13 bytes)
1733506735.758969 sending message 112 to peer 0x56172549f770 (14 bytes)
1733506735.758970 sending message 112 to peer 0x56172549f770 (19 bytes)
1733506735.758971 sending message 112 to peer 0x56172549f770 (11 bytes)
1733506735.758972 sending message 112 to peer 0x56172549f770 (10 bytes)
1733506735.758973 sending message 112 to peer 0x56172549f770 (15 bytes)
1733506735.758974 sending message 112 to peer 0x56172549f770 (21 bytes)
1733506735.758976 sending message 112 to peer 0x56172549f770 (13 bytes)
1733506735.758977 sending message 112 to peer 0x56172549f770 (7 bytes)
1733506735.758978 sending message 112 to peer 0x56172549f770 (13 bytes)
1733506735.758979 sending message 112 to peer 0x56172549f770 (7 bytes)
1733506735.758980 sending message 112 to peer 0x56172549f770 (13 bytes)
1733506735.758981 sending message 112 to peer 0x56172549f770 (9 bytes)
1733506735.758983 sending message 112 to peer 0x56172549f770 (21 bytes)
1733506735.758984 sending message 112 to peer 0x56172549f770 (13 bytes)
1733506735.758985 sending message 112 to peer 0x56172549f770 (9 bytes)
1733506735.758986 sending message 112 to peer 0x56172549f770 (16 bytes)
1733506735.758987 sending message 112 to peer 0x56172549f770 (13 bytes)
1733506735.758988 sending message 112 to peer 0x56172549f770 (9 bytes)
1733506735.758990 sending message 112 to peer 0x56172549f770 (9 bytes)
1733506735.758991 sending message 112 to peer 0x56172549f770 (12 bytes)
1733506735.758992 sending message 112 to peer 0x56172549f770 (8 bytes)
1733506735.758993 sending message 112 to peer 0x56172549f770 (8 bytes)
1733506735.758994 sending message 112 to peer 0x56172549f770 (13 bytes)
1733506735.758996 sending message 112 to peer 0x56172549f770 (7 bytes)
1733506735.758997 sending message 112 to peer 0x56172549f770 (7 bytes)
1733506735.758998 sending message 112 to peer 0x56172549f770 (9 bytes)
1733506735.758999 sending message 112 to peer 0x56172549f770 (9 bytes)
1733506735.759002 sending message 112 to peer 0x56172549f770 (15 bytes)
1733506735.759003 sending message 112 to peer 0x56172549f770 (13 bytes)
1733506735.759004 sending message 112 to peer 0x56172549f770 (12 bytes)
1733506735.759005 sending message 112 to peer 0x56172549f770 (8 bytes)
1733506735.759007 sending message 112 to peer 0x56172549f770 (14 bytes)
1733506735.759008 sending message 112 to peer 0x56172549f770 (11 bytes)
1733506735.759012 sending message 112 to peer 0x56172549f770 (9 bytes)
1733506735.759014 sending message 112 to peer 0x56172549f770 (10 bytes)
1733506735.759015 sending message 112 to peer 0x56172549f770 (10 bytes)
1733506735.759016 sending message 112 to peer 0x56172549f770 (10 bytes)
1733506735.759017 sending message 112 to peer 0x56172549f770 (10 bytes)
1733506735.759019 sending message 112 to peer 0x56172549f770 (11 bytes)
1733506735.759020 sending message 112 to peer 0x56172549f770 (12 bytes)
1733506735.759021 sending message 112 to peer 0x56172549f770 (12 bytes)
1733506735.759022 sending message 112 to peer 0x56172549f770 (12 bytes)
1733506735.759024 sending message 112 to peer 0x56172549f770 (12 bytes)
1733506735.759025 sending message 112 to peer 0x56172549f770 (12 bytes)
1733506735.759026 sending message 112 to peer 0x56172549f770 (11 bytes)
1733506735.759028 sending message 112 to peer 0x56172549f770 (11 bytes)
1733506735.759029 sending message 112 to peer 0x56172549f770 (12 bytes)
1733506735.759030 sending message 112 to peer 0x56172549f770 (12 bytes)
1733506735.759031 sending message 112 to peer 0x56172549f770 (12 bytes)
1733506735.759033 sending message 112 to peer 0x56172549f770 (12 bytes)
1733506735.759034 sending message 112 to peer 0x56172549f770 (12 bytes)
1733506735.759035 sending message 112 to peer 0x56172549f770 (9 bytes)
1733506735.759037 sending message 112 to peer 0x56172549f770 (12 bytes)
1733506735.759038 sending message 112 to peer 0x56172549f770 (13 bytes)
1733506735.759039 sending message 112 to peer 0x56172549f770 (13 bytes)
1733506735.759040 sending message 112 to peer 0x56172549f770 (13 bytes)
1733506735.759042 sending message 112 to peer 0x56172549f770 (13 bytes)
1733506735.759043 sending message 112 to peer 0x56172549f770 (13 bytes)
1733506735.759044 sending message 112 to peer 0x56172549f770 (8 bytes)
1733506735.759045 sending message 112 to peer 0x56172549f770 (11 bytes)
1733506735.759047 sending message 112 to peer 0x56172549f770 (11 bytes)
1733506735.759048 sending message 112 to peer 0x56172549f770 (11 bytes)
1733506735.759049 sending message 112 to peer 0x56172549f770 (12 bytes)
1733506735.759050 sending message 112 to peer 0x56172549f770 (12 bytes)
1733506735.759051 sending message 112 to peer 0x56172549f770 (12 bytes)
1733506735.759053 sending message 112 to peer 0x56172549f770 (12 bytes)
1733506735.759054 sending message 112 to peer 0x56172549f770 (13 bytes)
1733506735.759055 sending message 112 to peer 0x56172549f770 (13 bytes)
1733506735.759056 sending message 112 to peer 0x56172549f770 (13 bytes)
1733506735.759057 sending message 112 to peer 0x56172549f770 (8 bytes)
1733506735.759059 sending message 112 to peer 0x56172549f770 (13 bytes)
1733506735.759060 sending message 112 to peer 0x56172549f770 (13 bytes)
1733506735.759061 sending message 112 to peer 0x56172549f770 (13 bytes)
1733506735.759062 sending message 112 to peer 0x56172549f770 (13 bytes)
1733506735.759064 sending message 112 to peer 0x56172549f770 (13 bytes)
1733506735.759065 sending message 112 to peer 0x56172549f770 (12 bytes)
1733506735.759066 sending message 112 to peer 0x56172549f770 (12 bytes)
1733506735.759067 sending message 112 to peer 0x56172549f770 (12 bytes)
1733506735.759068 sending message 112 to peer 0x56172549f770 (12 bytes)
1733506735.759070 sending message 112 to peer 0x56172549f770 (13 bytes)
1733506735.759071 sending message 112 to peer 0x56172549f770 (8 bytes)
1733506735.759072 sending message 112 to peer 0x56172549f770 (13 bytes)
1733506735.759073 sending message 112 to peer 0x56172549f770 (13 bytes)
1733506735.759074 sending message 112 to peer 0x56172549f770 (13 bytes)
1733506735.759076 sending message 112 to peer 0x56172549f770 (13 bytes)
1733506735.759077 sending message 112 to peer 0x56172549f770 (13 bytes)
1733506735.759078 sending message 112 to peer 0x56172549f770 (13 bytes)
1733506735.759079 sending message 112 to peer 0x56172549f770 (13 bytes)
1733506735.759081 sending message 112 to peer 0x56172549f770 (12 bytes)
1733506735.759082 sending message 112 to peer 0x56172549f770 (12 bytes)
1733506735.759085 sending message 112 to peer 0x56172549f770 (12 bytes)
1733506735.759086 sending message 112 to peer 0x56172549f770 (8 bytes)
1733506735.759087 sending message 112 to peer 0x56172549f770 (12 bytes)
1733506735.759088 sending message 112 to peer 0x56172549f770 (13 bytes)
1733506735.759090 sending message 112 to peer 0x56172549f770 (13 bytes)
1733506735.759091 sending message 112 to peer 0x56172549f770 (13 bytes)
1733506735.759092 sending message 112 to peer 0x56172549f770 (13 bytes)
1733506735.759093 sending message 112 to peer 0x56172549f770 (13 bytes)
1733506735.759094 sending message 112 to peer 0x56172549f770 (13 bytes)
1733506735.759095 sending message 112 to peer 0x56172549f770 (13 bytes)
1733506735.759097 sending message 112 to peer 0x56172549f770 (13 bytes)
1733506735.759098 sending message 112 to peer 0x56172549f770 (12 bytes)
1733506735.759099 sending message 112 to peer 0x56172549f770 (10 bytes)
1733506735.759100 sending message 112 to peer 0x56172549f770 (12 bytes)
1733506735.759101 sending message 112 to peer 0x56172549f770 (12 bytes)
1733506735.759103 sending message 112 to peer 0x56172549f770 (12 bytes)
1733506735.759104 sending message 112 to peer 0x56172549f770 (13 bytes)
1733506735.759105 sending message 112 to peer 0x56172549f770 (13 bytes)
1733506735.759106 sending message 112 to peer 0x56172549f770 (13 bytes)
1733506735.759108 sending message 112 to peer 0x56172549f770 (13 bytes)
1733506735.759109 sending message 112 to peer 0x56172549f770 (13 bytes)
1733506735.759110 sending message 112 to peer 0x56172549f770 (13 bytes)
1733506735.759111 sending message 112 to peer 0x56172549f770 (13 bytes)
1733506735.759112 sending message 112 to peer 0x56172549f770 (10 bytes)
1733506735.759114 sending message 112 to peer 0x56172549f770 (13 bytes)
1733506735.759115 sending message 112 to peer 0x56172549f770 (12 bytes)
1733506735.759116 sending message 112 to peer 0x56172549f770 (12 bytes)
1733506735.759117 sending message 112 to peer 0x56172549f770 (12 bytes)
1733506735.759118 sending message 112 to peer 0x56172549f770 (10 bytes)
1733506735.759120 sending message 112 to peer 0x56172549f770 (10 bytes)
1733506735.759121 sending message 112 to peer 0x56172549f770 (10 bytes)
1733506735.759122 sending message 112 to peer 0x56172549f770 (12 bytes)
1733506735.759123 sending message 112 to peer 0x56172549f770 (13 bytes)
1733506735.759124 sending message 112 to peer 0x56172549f770 (13 bytes)
1733506735.759126 sending message 112 to peer 0x56172549f770 (13 bytes)
1733506735.759127 sending message 112 to peer 0x56172549f770 (13 bytes)
1733506735.759128 sending message 112 to peer 0x56172549f770 (13 bytes)
1733506735.759129 sending message 112 to peer 0x56172549f770 (10 bytes)
1733506735.759131 sending message 112 to peer 0x56172549f770 (11 bytes)
1733506735.759132 sending message 112 to peer 0x56172549f770 (12 bytes)
1733506735.759133 sending message 112 to peer 0x56172549f770 (12 bytes)
1733506735.759135 sending message 112 to peer 0x56172549f770 (12 bytes)
1733506735.759137 sending message 112 to peer 0x56172549f770 (12 bytes)
1733506735.759138 sending message 112 to peer 0x56172549f770 (12 bytes)
1733506735.759139 sending message 112 to peer 0x56172549f770 (11 bytes)
1733506735.759140 sending message 112 to peer 0x56172549f770 (12 bytes)
1733506735.759141 sending message 112 to peer 0x56172549f770 (12 bytes)
1733506735.759142 sending message 112 to peer 0x56172549f770 (13 bytes)
1733506735.759144 sending message 112 to peer 0x56172549f770 (13 bytes)
1733506735.759145 sending message 112 to peer 0x56172549f770 (13 bytes)
1733506735.759146 sending message 112 to peer 0x56172549f770 (13 bytes)
1733506735.759147 sending message 112 to peer 0x56172549f770 (13 bytes)
1733506735.759148 sending message 112 to peer 0x56172549f770 (10 bytes)
1733506735.759150 sending message 112 to peer 0x56172549f770 (9 bytes)
1733506735.759151 sending message 112 to peer 0x56172549f770 (12 bytes)
1733506735.759152 sending message 112 to peer 0x56172549f770 (13 bytes)
1733506735.759153 sending message 112 to peer 0x56172549f770 (13 bytes)
1733506735.759156 sending message 112 to peer 0x56172549f770 (13 bytes)
1733506735.759157 sending message 112 to peer 0x56172549f770 (13 bytes)
1733506735.759158 sending message 112 to peer 0x56172549f770 (13 bytes)
1733506735.759159 sending message 112 to peer 0x56172549f770 (9 bytes)
1733506735.759160 sending message 112 to peer 0x56172549f770 (12 bytes)
1733506735.759162 sending message 112 to peer 0x56172549f770 (13 bytes)
1733506735.759163 sending message 112 to peer 0x56172549f770 (13 bytes)
1733506735.759164 sending message 112 to peer 0x56172549f770 (13 bytes)
1733506735.759165 sending message 112 to peer 0x56172549f770 (13 bytes)
1733506735.759167 sending message 112 to peer 0x56172549f770 (13 bytes)
1733506735.759168 sending message 112 to peer 0x56172549f770 (11 bytes)
1733506735.759169 sending message 112 to peer 0x56172549f770 (12 bytes)
1733506735.759170 sending message 112 to peer 0x56172549f770 (13 bytes)
1733506735.759171 sending message 112 to peer 0x56172549f770 (13 bytes)
1733506735.759173 sending message 112 to peer 0x56172549f770 (13 bytes)
1733506735.759174 sending message 112 to peer 0x56172549f770 (13 bytes)
1733506735.759175 sending message 112 to peer 0x56172549f770 (13 bytes)
1733506735.759176 sending message 112 to peer 0x56172549f770 (11 bytes)
1733506735.759177 sending message 112 to peer 0x56172549f770 (12 bytes)
1733506735.759179 sending message 112 to peer 0x56172549f770 (12 bytes)
1733506735.759180 sending message 112 to peer 0x56172549f770 (12 bytes)
1733506735.759181 sending message 112 to peer 0x56172549f770 (12 bytes)
1733506735.759182 sending message 112 to peer 0x56172549f770 (12 bytes)
1733506735.759184 sending message 112 to peer 0x56172549f770 (21 bytes)
1733506735.759185 sending message 112 to peer 0x56172549f770 (12 bytes)
1733506735.759186 sending message 112 to peer 0x56172549f770 (9 bytes)
1733506735.759187 sending message 112 to peer 0x56172549f770 (6 bytes)
1733506735.759189 sending message 112 to peer 0x56172549f770 (13 bytes)
1733506735.759190 sending message 112 to peer 0x56172549f770 (10 bytes)
1733506735.759191 sending message 112 to peer 0x56172549f770 (24 bytes)
1733506735.759193 sending message 112 to peer 0x56172549f770 (13 bytes)
1733506735.759194 sending message 112 to peer 0x56172549f770 (9 bytes)
1733506735.759196 sending message 112 to peer 0x56172549f770 (70 bytes)
1733506735.759197 sending message 112 to peer 0x56172549f770 (69 bytes)
1733506735.759198 sending message 112 to peer 0x56172549f770 (12 bytes)
1733506735.759200 sending message 112 to peer 0x56172549f770 (10 bytes)
1733506735.759201 sending message 112 to peer 0x56172549f770 (10 bytes)
1733506735.759202 sending message 112 to peer 0x56172549f770 (24 bytes)
1733506735.759204 sending message 112 to peer 0x56172549f770 (13 bytes)
1733506735.759205 sending message 112 to peer 0x56172549f770 (10 bytes)
1733506735.759206 sending message 112 to peer 0x56172549f770 (10 bytes)
1733506735.759207 sending message 112 to peer 0x56172549f770 (10 bytes)
1733506735.759209 sending message 112 to peer 0x56172549f770 (13 bytes)
1733506735.759210 sending message 112 to peer 0x56172549f770 (15 bytes)
1733506735.759211 sending message 112 to peer 0x56172549f770 (5 bytes)
1733506735.759213 sending message 104 to peer 0x56172549f770 (0 bytes)
1733506735.759214 sending message 110 to peer 0x56172549f770 (0 bytes)
1733506735.759216 sending message 107 to peer 0x56172549f770 (4 bytes)
1733506735.759217 sending message 105 to peer 0x56172549f770 (16 bytes)
1733506735.759219 sending message 105 to peer 0x56172549f770 (24 bytes)
1733506735.759220 sending message 105 to peer 0x56172549f770 (16 bytes)
1733506735.759221 sending message 105 to peer 0x56172549f770 (23 bytes)
1733506735.759223 sending message 105 to peer 0x56172549f770 (43 bytes)
1733506735.759224 sending message 105 to peer 0x56172549f770 (18 bytes)
1733506735.759225 sending message 105 to peer 0x56172549f770 (20 bytes)
1733506735.759227 sending message 105 to peer 0x56172549f770 (13 bytes)
1733506735.759228 sending message 105 to peer 0x56172549f770 (46 bytes)
1733506735.759231 sending message 105 to peer 0x56172549f770 (16 bytes)
1733506735.759232 sending message 105 to peer 0x56172549f770 (13 bytes)
1733506735.759234 sending message 105 to peer 0x56172549f770 (36 bytes)
1733506735.759235 sending message 105 to peer 0x56172549f770 (1519 bytes)
1733506735.759243 sending message 105 to peer 0x56172549f770 (37 bytes)
1733506735.759245 sending message 105 to peer 0x56172549f770 (26 bytes)
1733506735.759246 sending message 105 to peer 0x56172549f770 (28 bytes)
1733506735.759247 sending message 105 to peer 0x56172549f770 (48 bytes)
1733506735.759249 sending message 105 to peer 0x56172549f770 (34 bytes)
1733506735.759250 sending message 105 to peer 0x56172549f770 (20 bytes)
1733506735.759251 sending message 105 to peer 0x56172549f770 (32 bytes)
1733506735.759253 sending message 105 to peer 0x56172549f770 (10 bytes)
1733506735.759254 sending message 105 to peer 0x56172549f770 (50 bytes)
1733506735.759255 sending message 105 to peer 0x56172549f770 (11 bytes)
1733506735.759256 sending message 105 to peer 0x56172549f770 (8 bytes)
1733506735.759258 sending message 105 to peer 0x56172549f770 (56 bytes)
1733506735.759259 sending message 105 to peer 0x56172549f770 (77 bytes)
1733506735.759260 sending message 105 to peer 0x56172549f770 (32 bytes)
1733506735.759261 sending message 105 to peer 0x56172549f770 (8 bytes)
1733506735.759263 sending message 105 to peer 0x56172549f770 (65 bytes)
1733506735.759264 sending message 105 to peer 0x56172549f770 (1809 bytes)
1733506735.759266 sending message 105 to peer 0x56172549f770 (54 bytes)
1733506735.759267 sending message 105 to peer 0x56172549f770 (16 bytes)
1733506735.759270 sending message 105 to peer 0x56172549f770 (29 bytes)
1733506735.759271 sending message 105 to peer 0x56172549f770 (40 bytes)
1733506735.759272 sending message 105 to peer 0x56172549f770 (18 bytes)
1733506735.759273 sending message 105 to peer 0x56172549f770 (9 bytes)
1733506735.759275 sending message 106 to peer 0x56172549f770 (0 bytes)
1733506735.759296 sending message 200 to peer 0x56172549f770 (4 bytes)
1733506735.759297 client loop enter
1733506735.759304 client_signal: Child exited
1733506735.812045 peer 0x56172549f770 message 207
1733506735.812053 sending message 208 to peer 0x56172549f770 (0 bytes)
1733506762.429522 peer 0x56172549f770 message 203
1733506762.429532 sending message 205 to peer 0x56172549f770 (0 bytes)
1733506762.430178 peer 0x56172549f770 message 204
1733506762.430182 client loop exit
