[?1049h[22;0;0t[?1h=[H[2J[?12l[?25h[?1000l[?1002l[?1003l[?1006l[?1005l[?2004h(B[m[?12l[?25h[?1006l[?1000l[?1002l[?1003l[1;1H[1;35r[c[>c[>q]10;?\]11;?\[1;1H[?25l[K
[K
[K
[K
[K
[K
[K
[K
[K
[K
[K
[K
[K
[K
[K
[K
[K
[K
[K
[K
[K
[K
[K
[K
[K
[K
[K
[K
[K
[K
[K
[K
[K
[K[30m[42m
[0] 0:bash*                                                                                                                                  "FADI-DESKTOP" 02:31 06-Dec-24(B[m[?12l[?25h[1;1H[18t[14t(B[m[?12l[?25h[?1006l[?1000l[?1002l[?1003l[1;1H[1;35r[1;1H[?25l[K
[K
[K
[K
[K
[K
[K
[K
[K
[K
[K
[K
[K
[K
[K
[K
[K
[K
[K
[K
[K
[K
[K
[K
[K
[K
[K
[K
[K
[K
[K
[K
[K
[K[30m[42m
[0] 0:bash*                                                                                                                                  "FADI-DESKTOP" 02:31 06-Dec-24(B[m[?12l[?25h[1;1H[?69h[?7727h[?69h(B[m[?12l[?25h[?1006l[?1000l[?1002l[?1003l[1;1H[1;35r[1;35r[s[1;1H[?25l[K
[K
[K
[K
[K
[K
[K
[K
[K
[K
[K
[K
[K
[K
[K
[K
[K
[K
[K
[K
[K
[K
[K
[K
[K
[K
[K
[K
[K
[K
[K
[K
[K
[K[30m[42m
[0] 0:bash*                                                                                                                                  "FADI-DESKTOP" 02:31 06-Dec-24(B[m[?12l[?25h[1;1H[?69h[?7727h[?69h(B[m[?12l[?25h[?1006l[?1000l[?1002l[?1003l[1;1H[1;35r[1;35r[s[1;1H[?25l[K
[K
[K
[K
[K
[K
[K
[K
[K
[K
[K
[K
[K
[K
[K
[K
[K
[K
[K
[K
[K
[K
[K
[K
[K
[K
[K
[K
[K
[K
[K
[K
[K
[K[30m[42m
[0] 0:bash*                                                                                                                                  "FADI-DESKTOP" 02:31 06-Dec-24(B[m[?12l[?25h[1;1H[38;5;231m[7m(B[m[38;5;233m[48;5;231m fadi@FADI-DESKTOP [38;5;231m[48;5;117m[38;5;233m ~  tmux [38;5;117m[48;5;121m[38;5;236m fix-source-file-cmd [49m(B[m[38;5;121m
(B[m[38;5;32m❯ (B[m[?25l]12;rgb:00/80/80[30m[43m[35;1H:                                                                                                                                                                          (B[m[?12l[?25h[35;2H[?25l[30m[43m:s                                                                                                                                                                         (B[m[?12l[?25h[35;3H[?25l[30m[43m:so                                                                                                                                                                        (B[m[?12l[?25h[35;4H[?25l[30m[43m:sou                                                                                                                                                                       (B[m[?12l[?25h[35;5H[?25l[30m[43m:sour                                                                                                                                                                      (B[m[?12l[?25h[35;6H[?25l[30m[43m:source-file                                                                                                                                                               (B[m[?12l[?25h[35;13H[C[?25l[30m[43m:source-file t                                                                                                                                                             (B[m[?12l[?25h[35;15H[?25l[30m[43m:source-file tm                                                                                                                                                            (B[m[?12l[?25h[35;16H[?25l[30m[43m:source-file tmu                                                                                                                                                           (B[m[?12l[?25h[35;17H[?25l[30m[43m:source-file tmux                                                                                                                                                          (B[m[?12l[?25h[35;18H[?25l[30m[43m:source-file tmux.                                                                                                                                                         (B[m[?12l[?25h[35;19H[?25l[30m[43m:source-file tmux.c                                                                                                                                                        (B[m[?12l[?25h[35;20H[?25l[30m[43m:source-file tmux.co                                                                                                                                                       (B[m[?12l[?25h[35;21H[?25l[30m[43m:source-file tmux.cof                                                                                                                                                      (B[m[?12l[?25h[35;22H[?25l[30m[43m:source-file tmux.co                                                                                                                                                       (B[m[?12l[?25h[35;21H[?25l[30m[43m:source-file tmux.con                                                                                                                                                      (B[m[?12l[?25h[35;22H[?25l[30m[43m:source-file tmux.conf                                                                                                                                                     (B[m[?12l[?25h[35;23H[C[?25l]112[38;5;231m[7m[H(B[m[38;5;233m[48;5;231m fadi@FADI-DESKTOP [38;5;231m[48;5;117m[38;5;233m ~  tmux [38;5;117m[48;5;121m[38;5;236m fix-source-file-cmd [49m(B[m[38;5;121m[39m[K[38;5;32m
❯ [39m[K
[K
[K
[K
[K
[K
[K
[K
[K
[K
[K
[K
[K
[K
[K
[K
[K
[K
[K
[K
[K
[K
[K
[K
[K
[K
[K
[K
[K
[K
[K
[K
[K[30m[42m
[0] 0:bash*                                                                                                                                  "FADI-DESKTOP" 02:31 06-Dec-24(B[m[?12l[?25h[2;3H